<?xml version="1.0" encoding="UTF-8"?>
<testng-results skipped="0" failed="0" ignored="0" total="2" passed="2">
  <reporter-output>
  </reporter-output>
  <suite name="Suite-HelpTestCases" duration-ms="29748" started-at="2018-03-03T19:39:55Z" finished-at="2018-03-03T19:40:24Z">
    <groups>
    </groups>
    <test name="Search Help How Buy" duration-ms="15384" started-at="2018-03-03T19:39:55Z" finished-at="2018-03-03T19:40:10Z">
      <class name="MercadoLibre.SearchHelpHowBuyTestCase">
        <test-method status="PASS" signature="initialize()[pri:0, instance:MercadoLibre.SearchHelpHowBuyTestCase@b97c004]" name="initialize" is-config="true" duration-ms="7806" started-at="2018-03-03T16:39:55Z" finished-at="2018-03-03T16:40:02Z">
          <reporter-output>
          </reporter-output>
        </test-method> <!-- initialize -->
        <test-method status="PASS" signature="SearchHelpHowBuy()[pri:0, instance:MercadoLibre.SearchHelpHowBuyTestCase@b97c004]" name="SearchHelpHowBuy" duration-ms="7471" started-at="2018-03-03T16:40:02Z" finished-at="2018-03-03T16:40:10Z">
          <reporter-output>
          </reporter-output>
        </test-method> <!-- SearchHelpHowBuy -->
        <test-method status="PASS" signature="teardown()[pri:0, instance:MercadoLibre.SearchHelpHowBuyTestCase@b97c004]" name="teardown" is-config="true" duration-ms="82" started-at="2018-03-03T16:40:10Z" finished-at="2018-03-03T16:40:10Z">
          <reporter-output>
          </reporter-output>
        </test-method> <!-- teardown -->
      </class> <!-- MercadoLibre.SearchHelpHowBuyTestCase -->
    </test> <!-- Search Help How Buy -->
    <test name="Help Take Good Pictures" duration-ms="14291" started-at="2018-03-03T19:40:10Z" finished-at="2018-03-03T19:40:24Z">
      <class name="MercadoLibre.HelpTakeGoodPhotosTestCase">
        <test-method status="PASS" signature="initialize()[pri:0, instance:MercadoLibre.HelpTakeGoodPhotosTestCase@47af7f3d]" name="initialize" is-config="true" duration-ms="5836" started-at="2018-03-03T16:40:10Z" finished-at="2018-03-03T16:40:16Z">
          <reporter-output>
          </reporter-output>
        </test-method> <!-- initialize -->
        <test-method status="PASS" signature="HelpTakeGoodPhotos()[pri:0, instance:MercadoLibre.HelpTakeGoodPhotosTestCase@47af7f3d]" name="HelpTakeGoodPhotos" duration-ms="8351" started-at="2018-03-03T16:40:16Z" finished-at="2018-03-03T16:40:24Z">
          <reporter-output>
          </reporter-output>
        </test-method> <!-- HelpTakeGoodPhotos -->
        <test-method status="PASS" signature="teardown()[pri:0, instance:MercadoLibre.HelpTakeGoodPhotosTestCase@47af7f3d]" name="teardown" is-config="true" duration-ms="88" started-at="2018-03-03T16:40:24Z" finished-at="2018-03-03T16:40:24Z">
          <reporter-output>
          </reporter-output>
        </test-method> <!-- teardown -->
      </class> <!-- MercadoLibre.HelpTakeGoodPhotosTestCase -->
    </test> <!-- Help Take Good Pictures -->
  </suite> <!-- Suite-HelpTestCases -->
</testng-results>
