<?xml version="1.0" encoding="UTF-8"?>
<testng-results skipped="0" failed="0" ignored="0" total="1" passed="1">
  <reporter-output>
  </reporter-output>
  <suite name="Default suite" duration-ms="28748" started-at="2018-02-28T23:48:21Z" finished-at="2018-02-28T23:48:49Z">
    <groups>
    </groups>
    <test name="Default test" duration-ms="28748" started-at="2018-02-28T23:48:21Z" finished-at="2018-02-28T23:48:49Z">
      <class name="MercadoLibre.CountLinksMoreInformationTestCase">
        <test-method status="PASS" signature="initialize()[pri:0, instance:MercadoLibre.CountLinksMoreInformationTestCase@3159c4b8]" name="initialize" is-config="true" duration-ms="11684" started-at="2018-02-28T20:48:21Z" finished-at="2018-02-28T20:48:32Z">
          <reporter-output>
          </reporter-output>
        </test-method> <!-- initialize -->
        <test-method status="PASS" signature="CountLinksMoreInformation()[pri:0, instance:MercadoLibre.CountLinksMoreInformationTestCase@3159c4b8]" name="CountLinksMoreInformation" duration-ms="8034" started-at="2018-02-28T20:48:32Z" finished-at="2018-02-28T20:48:40Z">
          <reporter-output>
          </reporter-output>
        </test-method> <!-- CountLinksMoreInformation -->
        <test-method status="PASS" signature="teardown()[pri:0, instance:MercadoLibre.CountLinksMoreInformationTestCase@3159c4b8]" name="teardown" is-config="true" duration-ms="8987" started-at="2018-02-28T20:48:40Z" finished-at="2018-02-28T20:48:49Z">
          <reporter-output>
          </reporter-output>
        </test-method> <!-- teardown -->
      </class> <!-- MercadoLibre.CountLinksMoreInformationTestCase -->
    </test> <!-- Default test -->
  </suite> <!-- Default suite -->
</testng-results>
